<?xml version="1.0" encoding="UTF-8"?>
<testsuite xmlns:xsi="http://www.w3.org/2001/XMLSchema-instance" xsi:noNamespaceSchemaLocation="https://maven.apache.org/surefire/maven-surefire-plugin/xsd/surefire-test-report-3.0.xsd" version="3.0" name="UsuarioServiceTest" time="0.351" tests="7" errors="0" skipped="0" failures="0">
  <properties>
[...]
</properties>
  <testcase name="testDeleteUsuarioNotFound" classname="UsuarioServiceTest" time="0.306">
    <system-err><![CDATA[SLF4J: Failed to load class "org.slf4j.impl.StaticLoggerBinder".
SLF4J: Defaulting to no-operation (NOP) logger implementation
SLF4J: See http://www.slf4j.org/codes.html#StaticLoggerBinder for further details.
]]></system-err>
  </testcase>
  <testcase name="testGetAllUsuarios" classname="UsuarioServiceTest" time="0.008"/>
  <testcase name="testGetUsuarioById" classname="UsuarioServiceTest" time="0.004"/>
  <testcase name="testUpdateUsuarioNotFound" classname="UsuarioServiceTest" time="0.003"/>
  <testcase name="testUpdateUsuario" classname="UsuarioServiceTest" time="0.004"/>
  <testcase name="testAddUsuario" classname="UsuarioServiceTest" time="0.003"/>
  <testcase name="testDeleteUsuario" classname="UsuarioServiceTest" time="0.004"/>
</testsuite>